Copyright 1986-2020 Xilinx, Inc. All Rights Reserved.
------------------------------------------------------------------------------------
| Tool Version : Vivado v.2020.2 (win64) Build 3064766 Wed Nov 18 09:12:45 MST 2020
| Date         : Tue Oct 11 22:43:47 2022
| Host         : DESKTOP-3PN6QK7 running 64-bit major release  (build 9200)
| Command      : report_control_sets -verbose -file top_control_sets_placed.rpt
| Design       : top
| Device       : xc7k325t
------------------------------------------------------------------------------------

Control Set Information

Table of Contents
-----------------
1. Summary
2. Histogram
3. Flip-Flop Distribution
4. Detailed Control Set Information

1. Summary
----------

+----------------------------------------------------------+-------+
|                          Status                          | Count |
+----------------------------------------------------------+-------+
| Total control sets                                       |     5 |
|    Minimum number of control sets                        |     5 |
|    Addition due to synthesis replication                 |     0 |
|    Addition due to physical synthesis replication        |     0 |
| Unused register locations in slices containing registers |    26 |
+----------------------------------------------------------+-------+
* Control sets can be merged at opt_design using control_set_merge or merge_equivalent_drivers
** Run report_qor_suggestions for automated merging and remapping suggestions


2. Histogram
------------

+--------------------+-------+
|       Fanout       | Count |
+--------------------+-------+
| Total control sets |     5 |
| >= 0 to < 4        |     3 |
| >= 4 to < 6        |     0 |
| >= 6 to < 8        |     0 |
| >= 8 to < 10       |     0 |
| >= 10 to < 12      |     0 |
| >= 12 to < 14      |     1 |
| >= 14 to < 16      |     0 |
| >= 16              |     1 |
+--------------------+-------+
* Control sets can be remapped at either synth_design or opt_design


3. Flip-Flop Distribution
-------------------------

+--------------+-----------------------+------------------------+-----------------+--------------+
| Clock Enable | Synchronous Set/Reset | Asynchronous Set/Reset | Total Registers | Total Slices |
+--------------+-----------------------+------------------------+-----------------+--------------+
| No           | No                    | No                     |               1 |            1 |
| No           | No                    | Yes                    |              31 |            9 |
| No           | Yes                   | No                     |               0 |            0 |
| Yes          | No                    | No                     |               0 |            0 |
| Yes          | No                    | Yes                    |              14 |            5 |
| Yes          | Yes                   | No                     |               0 |            0 |
+--------------+-----------------------+------------------------+-----------------+--------------+


4. Detailed Control Set Information
-----------------------------------

+--------------------------+---------------------+---------------------+------------------+----------------+--------------+
|       Clock Signal       |    Enable Signal    |   Set/Reset Signal  | Slice Load Count | Bel Load Count | Bels / Slice |
+--------------------------+---------------------+---------------------+------------------+----------------+--------------+
|  u_vga/PLL/inst/clk_out1 |                     |                     |                1 |              1 |         1.00 |
|  u_vga/PLL/inst/clk_out1 | u_vga/vsync_i_1_n_0 | u_vga/hsync_i_3_n_0 |                1 |              1 |         1.00 |
|  u_vga/PLL/inst/clk_out1 | u_vga/hsync_i_1_n_0 | u_vga/hsync_i_3_n_0 |                1 |              1 |         1.00 |
|  u_vga/PLL/inst/clk_out1 | u_vga/add_v_addr    | u_vga/hsync_i_3_n_0 |                3 |             12 |         4.00 |
|  u_vga/PLL/inst/clk_out1 |                     | u_vga/hsync_i_3_n_0 |                9 |             31 |         3.44 |
+--------------------------+---------------------+---------------------+------------------+----------------+--------------+


